<?xml version="1.0" encoding="UTF-8"?>
<testsuite xmlns:xsi="http://www.w3.org/2001/XMLSchema-instance" xsi:noNamespaceSchemaLocation="https://maven.apache.org/surefire/maven-surefire-plugin/xsd/surefire-test-report-3.0.xsd" version="3.0" name="com.example.FundTransferServiceTest" time="1.9" tests="6" errors="0" skipped="0" failures="0">
  <properties>
[...]
</properties>
  <testcase name="testTransferSameAccount" classname="com.example.FundTransferServiceTest" time="1.73"/>
  <testcase name="testTransferSuccess" classname="com.example.FundTransferServiceTest" time="0.08"/>
  <testcase name="testTransferInsufficientFunds" classname="com.example.FundTransferServiceTest" time="0.007"/>
  <testcase name="testTransferDestinationNotFound" classname="com.example.FundTransferServiceTest" time="0.005"/>
  <testcase name="testTransferTransactionError" classname="com.example.FundTransferServiceTest" time="0.006"/>
  <testcase name="testTransferInvalidAmount" classname="com.example.FundTransferServiceTest" time="0.003"/>
</testsuite>