<?xml version="1.0" encoding="UTF-8" standalone="yes"?><!DOCTYPE report PUBLIC "-//JACOCO//DTD Report 1.1//EN" "report.dtd"><report name="fund-transfer"><sessioninfo id="aynana-fbfee673" start="1762594083787" dump="1762594086656"/><sessioninfo id="aynana-7765838c" start="1762594090257" dump="1762594093361"/><sessioninfo id="aynana-4cce2d10" start="1762594111941" dump="1762594114972"/><package name="com/example"><class name="com/example/AccountService" sourcefilename="AccountService.java"/><class name="com/example/FundTransferService" sourcefilename="FundTransferService.java"><method name="&lt;init&gt;" desc="(Lcom/example/AccountService;)V" line="7"><counter type="INSTRUCTION" missed="0" covered="6"/><counter type="LINE" missed="0" covered="3"/><counter type="COMPLEXITY" missed="0" covered="1"/><counter type="METHOD" missed="0" covered="1"/></method><method name="transfer" desc="(Ljava/lang/String;Ljava/lang/String;D)Ljava/lang/String;" line="14"><counter type="INSTRUCTION" missed="0" covered="50"/><counter type="BRANCH" missed="1" covered="11"/><counter type="LINE" missed="0" covered="14"/><counter type="COMPLEXITY" missed="1" covered="6"/><counter type="METHOD" missed="0" covered="1"/></method><counter type="INSTRUCTION" missed="0" covered="56"/><counter type="BRANCH" missed="1" covered="11"/><counter type="LINE" missed="0" covered="17"/><counter type="COMPLEXITY" missed="1" covered="7"/><counter type="METHOD" missed="0" covered="2"/><counter type="CLASS" missed="0" covered="1"/></class><sourcefile name="FundTransferService.java"><line nr="7" mi="0" ci="2" mb="0" cb="0"/><line nr="8" mi="0" ci="3" mb="0" cb="0"/><line nr="9" mi="0" ci="1" mb="0" cb="0"/><line nr="14" mi="0" ci="4" mb="0" cb="2"/><line nr="15" mi="0" ci="2" mb="0" cb="0"/><line nr="19" mi="0" ci="4" mb="0" cb="2"/><line nr="20" mi="0" ci="2" mb="0" cb="0"/><line nr="24" mi="0" ci="5" mb="0" cb="0"/><line nr="25" mi="0" ci="4" mb="0" cb="2"/><line nr="26" mi="0" ci="2" mb="0" cb="0"/><line nr="30" mi="0" ci="5" mb="0" cb="2"/><line nr="31" mi="0" ci="2" mb="0" cb="0"/><line nr="35" mi="0" ci="6" mb="0" cb="0"/><line nr="36" mi="0" ci="6" mb="0" cb="0"/><line nr="39" mi="0" ci="4" mb="1" cb="3"/><line nr="40" mi="0" ci="2" mb="0" cb="0"/><line nr="42" mi="0" ci="2" mb="0" cb="0"/><counter type="INSTRUCTION" missed="0" covered="56"/><counter type="BRANCH" missed="1" covered="11"/><counter type="LINE" missed="0" covered="17"/><counter type="COMPLEXITY" missed="1" covered="7"/><counter type="METHOD" missed="0" covered="2"/><counter type="CLASS" missed="0" covered="1"/></sourcefile><sourcefile name="AccountService.java"/><counter type="INSTRUCTION" missed="0" covered="56"/><counter type="BRANCH" missed="1" covered="11"/><counter type="LINE" missed="0" covered="17"/><counter type="COMPLEXITY" missed="1" covered="7"/><counter type="METHOD" missed="0" covered="2"/><counter type="CLASS" missed="0" covered="1"/></package><counter type="INSTRUCTION" missed="0" covered="56"/><counter type="BRANCH" missed="1" covered="11"/><counter type="LINE" missed="0" covered="17"/><counter type="COMPLEXITY" missed="1" covered="7"/><counter type="METHOD" missed="0" covered="2"/><counter type="CLASS" missed="0" covered="1"/></report>